<?xml version="1.0" encoding="UTF-8"?>
<testsuite xmlns:xsi="http://www.w3.org/2001/XMLSchema-instance" xsi:noNamespaceSchemaLocation="https://maven.apache.org/surefire/maven-surefire-plugin/xsd/surefire-test-report.xsd" name="cn.itrip.service.user.TestItripUserService" time="6.385" tests="4" errors="0" skipped="0" failures="0">
  <properties>
[...]
</properties>
  <testcase name="testAddUser" classname="cn.itrip.service.user.TestItripUserService" time="3.461"/>
  <testcase name="itriptxDeleteItripUserById" classname="cn.itrip.service.user.TestItripUserService" time="1.105"/>
  <testcase name="itriptxModifyItripUser" classname="cn.itrip.service.user.TestItripUserService" time="0.81"/>
  <testcase name="itriptxAddItripUser" classname="cn.itrip.service.user.TestItripUserService" time="0.909"/>
</testsuite>